<?xml version="1.0" encoding="UTF-8"?>
<!-- Generated by org.testng.reporters.JUnitReportReporter -->
<testsuite hostname="Thors-MacBook-Pro.local" failures="0" tests="2" name="runners.SmokeTestRunner" time="1.476" errors="2" timestamp="16 Jun 2023 06:53:38 GMT" skipped="0">
  <testcase classname="runners.SmokeTestRunner" name="runScenario" time="0.738">
    <error message="Exception in initializing the web driver" type="commons.exception.FrameworkException">
      <![CDATA[commons.exception.FrameworkException: Exception in initializing the web driver
at commons.core.WebDriverFactory.initializeWebDriver(WebDriverFactory.java:114)
at utils.DriverInstance.setUpBrowserOnAnyGivenDevice(DriverInstance.java:19)
at stepDefinitions.CommonStepDef.theUserSpinsUpTheBrowser(CommonStepDef.java:18)
at ✽.the user spins up the "browser3" browser(file:///Users/vcons/Downloads/test-automation-patentrenewal/src/test/resources/functionalTests/HomePage.feature:7)
Caused by: commons.exception.FrameworkException: Could not start a new session. Possible causes are invalid address of the remote server or browser start-up failure.
Build info: version: '3.141.59', revision: 'e82be7d358', time: '2018-11-14T08:17:03'
System info: host: 'Thors-MacBook-Pro.local', ip: 'fe80:0:0:0:1495:d735:e9e4:10b9%en0', os.name: 'Mac OS X', os.arch: 'x86_64', os.version: '13.4', java.version: '11.0.19'
Driver info: driver.version: RemoteWebDriver
at commons.manager.web.remote.RemoteManagerRemote.getDriver(RemoteManagerRemote.java:56)
at commons.manager.web.remote.RemoteManagerRemote.getDriver(RemoteManagerRemote.java:29)
at commons.core.DriverManager.initializeBrowserstackWebDriver(DriverManager.java:39)
at commons.core.WebDriverFactory.initializeWebDriver(WebDriverFactory.java:74)
at utils.DriverInstance.setUpBrowserOnAnyGivenDevice(DriverInstance.java:19)
at stepDefinitions.CommonStepDef.theUserSpinsUpTheBrowser(CommonStepDef.java:18)
at java.base/jdk.internal.reflect.NativeMethodAccessorImpl.invoke0(Native Method)
at java.base/jdk.internal.reflect.NativeMethodAccessorImpl.invoke(NativeMethodAccessorImpl.java:62)
at java.base/jdk.internal.reflect.DelegatingMethodAccessorImpl.invoke(DelegatingMethodAccessorImpl.java:43)
at java.base/java.lang.reflect.Method.invoke(Method.java:566)
at io.cucumber.java.Invoker.doInvoke(Invoker.java:66)
at io.cucumber.java.Invoker.invoke(Invoker.java:24)
at io.cucumber.java.AbstractGlueDefinition.invokeMethod(AbstractGlueDefinition.java:47)
at io.cucumber.java.JavaStepDefinition.execute(JavaStepDefinition.java:29)
at io.cucumber.core.runner.CoreStepDefinition.execute(CoreStepDefinition.java:66)
at io.cucumber.core.runner.PickleStepDefinitionMatch.runStep(PickleStepDefinitionMatch.java:63)
at io.cucumber.core.runner.ExecutionMode$1.execute(ExecutionMode.java:10)
at io.cucumber.core.runner.TestStep.executeStep(TestStep.java:92)
at io.cucumber.core.runner.TestStep.run(TestStep.java:64)
at io.cucumber.core.runner.PickleStepTestStep.run(PickleStepTestStep.java:51)
at io.cucumber.core.runner.TestCase.run(TestCase.java:104)
at io.cucumber.core.runner.Runner.runPickle(Runner.java:73)
at io.cucumber.testng.TestNGCucumberRunner.lambda$runScenario$0(TestNGCucumberRunner.java:117)
at io.cucumber.core.runtime.CucumberExecutionContext.runTestCase(CucumberExecutionContext.java:117)
at io.cucumber.testng.TestNGCucumberRunner.runScenario(TestNGCucumberRunner.java:114)
at io.cucumber.testng.AbstractTestNGCucumberTests.runScenario(AbstractTestNGCucumberTests.java:31)
at java.base/jdk.internal.reflect.NativeMethodAccessorImpl.invoke0(Native Method)
at java.base/jdk.internal.reflect.NativeMethodAccessorImpl.invoke(NativeMethodAccessorImpl.java:62)
at java.base/jdk.internal.reflect.DelegatingMethodAccessorImpl.invoke(DelegatingMethodAccessorImpl.java:43)
at java.base/java.lang.reflect.Method.invoke(Method.java:566)
at org.testng.internal.MethodInvocationHelper.invokeMethod(MethodInvocationHelper.java:124)
at org.testng.internal.Invoker.invokeMethod(Invoker.java:583)
at org.testng.internal.Invoker.invokeTestMethod(Invoker.java:719)
at org.testng.internal.TestMethodWithDataProviderMethodWorker.call(TestMethodWithDataProviderMethodWorker.java:71)
at org.testng.internal.TestMethodWithDataProviderMethodWorker.call(TestMethodWithDataProviderMethodWorker.java:14)
at java.base/java.util.concurrent.FutureTask.run(FutureTask.java:264)
at java.base/java.util.concurrent.Executors$RunnableAdapter.call(Executors.java:515)
at java.base/java.util.concurrent.FutureTask.run(FutureTask.java:264)
at java.base/java.util.concurrent.ThreadPoolExecutor.runWorker(ThreadPoolExecutor.java:1128)
at java.base/java.util.concurrent.ThreadPoolExecutor$Worker.run(ThreadPoolExecutor.java:628)
at java.base/java.lang.Thread.run(Thread.java:829)
]]>
    </error>
  </testcase> <!-- runScenario -->
  <testcase classname="runners.SmokeTestRunner" name="runScenario" time="0.738">
    <error message="Exception in initializing the web driver" type="commons.exception.FrameworkException">
      <![CDATA[commons.exception.FrameworkException: Exception in initializing the web driver
at commons.core.WebDriverFactory.initializeWebDriver(WebDriverFactory.java:114)
at utils.DriverInstance.setUpBrowserOnAnyGivenDevice(DriverInstance.java:19)
at stepDefinitions.CommonStepDef.theUserSpinsUpTheBrowser(CommonStepDef.java:18)
at ✽.the user spins up the "browser5" browser(file:///Users/vcons/Downloads/test-automation-patentrenewal/src/test/resources/functionalTests/HomePage.feature:17)
Caused by: commons.exception.FrameworkException: Could not start a new session. Possible causes are invalid address of the remote server or browser start-up failure.
Build info: version: '3.141.59', revision: 'e82be7d358', time: '2018-11-14T08:17:03'
System info: host: 'Thors-MacBook-Pro.local', ip: 'fe80:0:0:0:1495:d735:e9e4:10b9%en0', os.name: 'Mac OS X', os.arch: 'x86_64', os.version: '13.4', java.version: '11.0.19'
Driver info: driver.version: RemoteWebDriver
at commons.manager.web.remote.RemoteManagerRemote.getDriver(RemoteManagerRemote.java:56)
at commons.manager.web.remote.RemoteManagerRemote.getDriver(RemoteManagerRemote.java:29)
at commons.core.DriverManager.initializeBrowserstackWebDriver(DriverManager.java:39)
at commons.core.WebDriverFactory.initializeWebDriver(WebDriverFactory.java:74)
at utils.DriverInstance.setUpBrowserOnAnyGivenDevice(DriverInstance.java:19)
at stepDefinitions.CommonStepDef.theUserSpinsUpTheBrowser(CommonStepDef.java:18)
at java.base/jdk.internal.reflect.NativeMethodAccessorImpl.invoke0(Native Method)
at java.base/jdk.internal.reflect.NativeMethodAccessorImpl.invoke(NativeMethodAccessorImpl.java:62)
at java.base/jdk.internal.reflect.DelegatingMethodAccessorImpl.invoke(DelegatingMethodAccessorImpl.java:43)
at java.base/java.lang.reflect.Method.invoke(Method.java:566)
at io.cucumber.java.Invoker.doInvoke(Invoker.java:66)
at io.cucumber.java.Invoker.invoke(Invoker.java:24)
at io.cucumber.java.AbstractGlueDefinition.invokeMethod(AbstractGlueDefinition.java:47)
at io.cucumber.java.JavaStepDefinition.execute(JavaStepDefinition.java:29)
at io.cucumber.core.runner.CoreStepDefinition.execute(CoreStepDefinition.java:66)
at io.cucumber.core.runner.PickleStepDefinitionMatch.runStep(PickleStepDefinitionMatch.java:63)
at io.cucumber.core.runner.ExecutionMode$1.execute(ExecutionMode.java:10)
at io.cucumber.core.runner.TestStep.executeStep(TestStep.java:92)
at io.cucumber.core.runner.TestStep.run(TestStep.java:64)
at io.cucumber.core.runner.PickleStepTestStep.run(PickleStepTestStep.java:51)
at io.cucumber.core.runner.TestCase.run(TestCase.java:104)
at io.cucumber.core.runner.Runner.runPickle(Runner.java:73)
at io.cucumber.testng.TestNGCucumberRunner.lambda$runScenario$0(TestNGCucumberRunner.java:117)
at io.cucumber.core.runtime.CucumberExecutionContext.runTestCase(CucumberExecutionContext.java:117)
at io.cucumber.testng.TestNGCucumberRunner.runScenario(TestNGCucumberRunner.java:114)
at io.cucumber.testng.AbstractTestNGCucumberTests.runScenario(AbstractTestNGCucumberTests.java:31)
at java.base/jdk.internal.reflect.NativeMethodAccessorImpl.invoke0(Native Method)
at java.base/jdk.internal.reflect.NativeMethodAccessorImpl.invoke(NativeMethodAccessorImpl.java:62)
at java.base/jdk.internal.reflect.DelegatingMethodAccessorImpl.invoke(DelegatingMethodAccessorImpl.java:43)
at java.base/java.lang.reflect.Method.invoke(Method.java:566)
at org.testng.internal.MethodInvocationHelper.invokeMethod(MethodInvocationHelper.java:124)
at org.testng.internal.Invoker.invokeMethod(Invoker.java:583)
at org.testng.internal.Invoker.invokeTestMethod(Invoker.java:719)
at org.testng.internal.TestMethodWithDataProviderMethodWorker.call(TestMethodWithDataProviderMethodWorker.java:71)
at org.testng.internal.TestMethodWithDataProviderMethodWorker.call(TestMethodWithDataProviderMethodWorker.java:14)
at java.base/java.util.concurrent.FutureTask.run(FutureTask.java:264)
at java.base/java.util.concurrent.Executors$RunnableAdapter.call(Executors.java:515)
at java.base/java.util.concurrent.FutureTask.run(FutureTask.java:264)
at java.base/java.util.concurrent.ThreadPoolExecutor.runWorker(ThreadPoolExecutor.java:1128)
at java.base/java.util.concurrent.ThreadPoolExecutor$Worker.run(ThreadPoolExecutor.java:628)
at java.base/java.lang.Thread.run(Thread.java:829)
]]>
    </error>
  </testcase> <!-- runScenario -->
</testsuite> <!-- runners.SmokeTestRunner -->
